<?xml version="1.0" encoding="UTF-8"?>
<testsuites>
    <testsuite name="search-imdb;when-i-enter-a-keyword-in-the-search-field" tests="4" failures="0" skipped="0">
        <properties>
            <property name="URI" value="C:\Users\reva1\Downloads\nya\selenium-cucumber-uppgift2\features\search-IMDB.feature">
            </property>
        </properties>
        <testcase name="Given that I am on the IMDB site" classname="search-imdb;when-i-enter-a-keyword-in-the-search-field" time="7.611915101">
        </testcase>
        <testcase name="When I enter the search text &quot;Die Hard&quot;" classname="search-imdb;when-i-enter-a-keyword-in-the-search-field" time="0.007966599">
        </testcase>
        <testcase name="And I click the search button" classname="search-imdb;when-i-enter-a-keyword-in-the-search-field" time="2.272803501">
        </testcase>
        <testcase name="Then the first search result should contain the word &quot;Die Hard&quot;" classname="search-imdb;when-i-enter-a-keyword-in-the-search-field" time="0.181406401">
        </testcase>
    </testsuite>
    <testsuite name="search-imdb;when-i-enter-a-keyword-in-the-search-field" tests="3" failures="0" skipped="0">
        <properties>
            <property name="URI" value="C:\Users\reva1\Downloads\nya\selenium-cucumber-uppgift2\features\search-IMDB.feature">
            </property>
        </properties>
        <testcase name="Given that I am on the IMDB site" classname="search-imdb;when-i-enter-a-keyword-in-the-search-field" time="6.7989419">
        </testcase>
        <testcase name="When I enter the search text &quot;Die Hard&quot; + ENTER" classname="search-imdb;when-i-enter-a-keyword-in-the-search-field" time="0.116810001">
        </testcase>
        <testcase name="Then the first search result should contain the word &quot;Die Hard&quot;" classname="search-imdb;when-i-enter-a-keyword-in-the-search-field" time="0.652736501">
        </testcase>
    </testsuite>
</testsuites>